<?xml version="1.0" encoding="UTF-8"?>
<testsuite name="Add a user with your information" tests="1" skipped="0" failures="0" errors="0" timestamp="2024-05-25T19:07:13" hostname="DAVINCHI104" time="6.411">
  <properties/>
  <testcase name="add a new user" classname="Add a user with your information" time="6.411"/>
  <system-out><![CDATA[?[32m.?[0m?[32m.?[0mEste es el idcom.davidcast27.questions.UserQuestions$$Lambda$183/0x00000001005ed440@5bf31066
?[32m.?[0m]]></system-out>
  <system-err><![CDATA[[Test worker] INFO net.thucydides.core.steps.ConsoleLoggingListener - 
 _____ _____ ____ _____   ____ _____  _    ____ _____ _____ ____  
|_   _| ____/ ___|_   _| / ___|_   _|/ \  |  _ \_   _| ____|  _ \ 
  | | |  _| \___ \ | |   \___ \ | | / _ \ | |_) || | |  _| | | | |
  | | | |___ ___) || |    ___) || |/ ___ \|  _ < | | | |___| |_| |
  |_| |_____|____/ |_|   |____/ |_/_/   \_\_| \_\|_| |_____|____/ 
                                                                  

TEST STARTED: add a new user
-------------------------------------------------------------------(add-a-user-with-your-information;add-a-new-user)
]]></system-err>
</testsuite>
